[2024-04-14 08:36:47] local.ERROR: SQLSTATE[42S22]: Column not found: 1054 Unknown column 'replies.parent_id' in 'on clause' (Connection: mysql, SQL: select `replies`.*, `comments`.`id`, `comments`.`comment_image` from `replies` inner join `comments` on `replies`.`parent_id` = `comments`.`id`) {"userId":2,"exception":"[object] (Illuminate\\Database\\QueryException(code: 42S22): SQLSTATE[42S22]: Column not found: 1054 Unknown column 'replies.parent_id' in 'on clause' (Connection: mysql, SQL: select `replies`.*, `comments`.`id`, `comments`.`comment_image` from `replies` inner join `comments` on `replies`.`parent_id` = `comments`.`id`) at C:\\xampp\\htdocs\\book_shop_one\\vendor\\laravel\\framework\\src\\Illuminate\\Database\\Connection.php:829)
[stacktrace]
#0 C:\\xampp\\htdocs\\book_shop_one\\vendor\\laravel\\framework\\src\\Illuminate\\Database\\Connection.php(783): Illuminate\\Database\\Connection->runQueryCallback('select `replies...', Array, Object(Closure))
#1 C:\\xampp\\htdocs\\book_shop_one\\vendor\\laravel\\framework\\src\\Illuminate\\Database\\Connection.php(431): Illuminate\\Database\\Connection->run('select `replies...', Array, Object(Closure))
#2 C:\\xampp\\htdocs\\book_shop_one\\vendor\\laravel\\framework\\src\\Illuminate\\Database\\Query\\Builder.php(2752): Illuminate\\Database\\Connection->select('select `replies...', Array, true)
#3 C:\\xampp\\htdocs\\book_shop_one\\vendor\\laravel\\framework\\src\\Illuminate\\Database\\Query\\Builder.php(2740): Illuminate\\Database\\Query\\Builder->runSelect()
#4 C:\\xampp\\htdocs\\book_shop_one\\vendor\\laravel\\framework\\src\\Illuminate\\Database\\Query\\Builder.php(3294): Illuminate\\Database\\Query\\Builder->Illuminate\\Database\\Query\\{closure}()
#5 C:\\xampp\\htdocs\\book_shop_one\\vendor\\laravel\\framework\\src\\Illuminate\\Database\\Query\\Builder.php(2741): Illuminate\\Database\\Query\\Builder->onceWithColumns(Array, Object(Closure))
#6 C:\\xampp\\htdocs\\book_shop_one\\vendor\\laravel\\framework\\src\\Illuminate\\Database\\Eloquent\\Builder.php(738): Illuminate\\Database\\Query\\Builder->get(Array)
#7 C:\\xampp\\htdocs\\book_shop_one\\vendor\\laravel\\framework\\src\\Illuminate\\Database\\Eloquent\\Builder.php(722): Illuminate\\Database\\Eloquent\\Builder->getModels(Array)
#8 C:\\xampp\\htdocs\\book_shop_one\\app\\Http\\Controllers\\Api\\ReplyController.php(23): Illuminate\\Database\\Eloquent\\Builder->get()
#9 C:\\xampp\\htdocs\\book_shop_one\\vendor\\laravel\\framework\\src\\Illuminate\\Routing\\Controller.php(54): App\\Http\\Controllers\\Api\\ReplyController->reply(Object(Illuminate\\Http\\Request))
#10 C:\\xampp\\htdocs\\book_shop_one\\vendor\\laravel\\framework\\src\\Illuminate\\Routing\\ControllerDispatcher.php(43): Illuminate\\Routing\\Controller->callAction('reply', Array)
#11 C:\\xampp\\htdocs\\book_shop_one\\vendor\\laravel\\framework\\src\\Illuminate\\Routing\\Route.php(260): Illuminate\\Routing\\ControllerDispatcher->dispatch(Object(Illuminate\\Routing\\Route), Object(App\\Http\\Controllers\\Api\\ReplyController), 'reply')
#12 C:\\xampp\\htdocs\\book_shop_one\\vendor\\laravel\\framework\\src\\Illuminate\\Routing\\Route.php(205): Illuminate\\Routing\\Route->runController()
#13 C:\\xampp\\htdocs\\book_shop_one\\vendor\\laravel\\framework\\src\\Illuminate\\Routing\\Router.php(806): Illuminate\\Routing\\Route->run()
#14 C:\\xampp\\htdocs\\book_shop_one\\vendor\\laravel\\framework\\src\\Illuminate\\Pipeline\\Pipeline.php(144): Illuminate\\Routing\\Router->Illuminate\\Routing\\{closure}(Object(Illuminate\\Http\\Request))
#15 C:\\xampp\\htdocs\\book_shop_one\\vendor\\laravel\\framework\\src\\Illuminate\\Routing\\Middleware\\SubstituteBindings.php(50): Illuminate\\Pipeline\\Pipeline->Illuminate\\Pipeline\\{closure}(Object(Illuminate\\Http\\Request))
#16 C:\\xampp\\htdocs\\book_shop_one\\vendor\\laravel\\framework\\src\\Illuminate\\Pipeline\\Pipeline.php(183): Illuminate\\Routing\\Middleware\\SubstituteBindings->handle(Object(Illuminate\\Http\\Request), Object(Closure))
#17 C:\\xampp\\htdocs\\book_shop_one\\vendor\\laravel\\framework\\src\\Illuminate\\Routing\\Middleware\\ThrottleRequests.php(159): Illuminate\\Pipeline\\Pipeline->Illuminate\\Pipeline\\{closure}(Object(Illuminate\\Http\\Request))
#18 C:\\xampp\\htdocs\\book_shop_one\\vendor\\laravel\\framework\\src\\Illuminate\\Routing\\Middleware\\ThrottleRequests.php(135): Illuminate\\Routing\\Middleware\\ThrottleRequests->handleRequest(Object(Illuminate\\Http\\Request), Object(Closure), Array)
#19 C:\\xampp\\htdocs\\book_shop_one\\vendor\\laravel\\framework\\src\\Illuminate\\Routing\\Middleware\\ThrottleRequests.php(87): Illuminate\\Routing\\Middleware\\ThrottleRequests->handleRequestUsingNamedLimiter(Object(Illuminate\\Http\\Request), Object(Closure), 'api', Object(Closure))
#20 C:\\xampp\\htdocs\\book_shop_one\\vendor\\laravel\\framework\\src\\Illuminate\\Pipeline\\Pipeline.php(183): Illuminate\\Routing\\Middleware\\ThrottleRequests->handle(Object(Illuminate\\Http\\Request), Object(Closure), 'api')
#21 C:\\xampp\\htdocs\\book_shop_one\\vendor\\laravel\\framework\\src\\Illuminate\\Auth\\Middleware\\Authenticate.php(57): Illuminate\\Pipeline\\Pipeline->Illuminate\\Pipeline\\{closure}(Object(Illuminate\\Http\\Request))
#22 C:\\xampp\\htdocs\\book_shop_one\\vendor\\laravel\\framework\\src\\Illuminate\\Pipeline\\Pipeline.php(183): Illuminate\\Auth\\Middleware\\Authenticate->handle(Object(Illuminate\\Http\\Request), Object(Closure), 'sanctum')
#23 C:\\xampp\\htdocs\\book_shop_one\\vendor\\laravel\\framework\\src\\Illuminate\\Pipeline\\Pipeline.php(119): Illuminate\\Pipeline\\Pipeline->Illuminate\\Pipeline\\{closure}(Object(Illuminate\\Http\\Request))
#24 C:\\xampp\\htdocs\\book_shop_one\\vendor\\laravel\\framework\\src\\Illuminate\\Routing\\Router.php(807): Illuminate\\Pipeline\\Pipeline->then(Object(Closure))
#25 C:\\xampp\\htdocs\\book_shop_one\\vendor\\laravel\\framework\\src\\Illuminate\\Routing\\Router.php(784): Illuminate\\Routing\\Router->runRouteWithinStack(Object(Illuminate\\Routing\\Route), Object(Illuminate\\Http\\Request))
#26 C:\\xampp\\htdocs\\book_shop_one\\vendor\\laravel\\framework\\src\\Illuminate\\Routing\\Router.php(748): Illuminate\\Routing\\Router->runRoute(Object(Illuminate\\Http\\Request), Object(Illuminate\\Routing\\Route))
#27 C:\\xampp\\htdocs\\book_shop_one\\vendor\\laravel\\framework\\src\\Illuminate\\Routing\\Router.php(737): Illuminate\\Routing\\Router->dispatchToRoute(Object(Illuminate\\Http\\Request))
#28 C:\\xampp\\htdocs\\book_shop_one\\vendor\\laravel\\framework\\src\\Illuminate\\Foundation\\Http\\Kernel.php(200): Illuminate\\Routing\\Router->dispatch(Object(Illuminate\\Http\\Request))
#29 C:\\xampp\\htdocs\\book_shop_one\\vendor\\laravel\\framework\\src\\Illuminate\\Pipeline\\Pipeline.php(144): Illuminate\\Foundation\\Http\\Kernel->Illuminate\\Foundation\\Http\\{closure}(Object(Illuminate\\Http\\Request))
#30 C:\\xampp\\htdocs\\book_shop_one\\vendor\\livewire\\livewire\\src\\Features\\SupportDisablingBackButtonCache\\DisableBackButtonCacheMiddleware.php(19): Illuminate\\Pipeline\\Pipeline->Illuminate\\Pipeline\\{closure}(Object(Illuminate\\Http\\Request))
#31 C:\\xampp\\htdocs\\book_shop_one\\vendor\\laravel\\framework\\src\\Illuminate\\Pipeline\\Pipeline.php(183): Livewire\\Features\\SupportDisablingBackButtonCache\\DisableBackButtonCacheMiddleware->handle(Object(Illuminate\\Http\\Request), Object(Closure))
#32 C:\\xampp\\htdocs\\book_shop_one\\vendor\\laravel\\framework\\src\\Illuminate\\Foundation\\Http\\Middleware\\TransformsRequest.php(21): Illuminate\\Pipeline\\Pipeline->Illuminate\\Pipeline\\{closure}(Object(Illuminate\\Http\\Request))
#33 C:\\xampp\\htdocs\\book_shop_one\\vendor\\laravel\\framework\\src\\Illuminate\\Foundation\\Http\\Middleware\\ConvertEmptyStringsToNull.php(31): Illuminate\\Foundation\\Http\\Middleware\\TransformsRequest->handle(Object(Illuminate\\Http\\Request), Object(Closure))
#34 C:\\xampp\\htdocs\\book_shop_one\\vendor\\laravel\\framework\\src\\Illuminate\\Pipeline\\Pipeline.php(183): Illuminate\\Foundation\\Http\\Middleware\\ConvertEmptyStringsToNull->handle(Object(Illuminate\\Http\\Request), Object(Closure))
#35 C:\\xampp\\htdocs\\book_shop_one\\vendor\\laravel\\framework\\src\\Illuminate\\Foundation\\Http\\Middleware\\TransformsRequest.php(21): Illuminate\\Pipeline\\Pipeline->Illuminate\\Pipeline\\{closure}(Object(Illuminate\\Http\\Request))
#36 C:\\xampp\\htdocs\\book_shop_one\\vendor\\laravel\\framework\\src\\Illuminate\\Foundation\\Http\\Middleware\\TrimStrings.php(40): Illuminate\\Foundation\\Http\\Middleware\\TransformsRequest->handle(Object(Illuminate\\Http\\Request), Object(Closure))
#37 C:\\xampp\\htdocs\\book_shop_one\\vendor\\laravel\\framework\\src\\Illuminate\\Pipeline\\Pipeline.php(183): Illuminate\\Foundation\\Http\\Middleware\\TrimStrings->handle(Object(Illuminate\\Http\\Request), Object(Closure))
#38 C:\\xampp\\htdocs\\book_shop_one\\vendor\\laravel\\framework\\src\\Illuminate\\Foundation\\Http\\Middleware\\ValidatePostSize.php(27): Illuminate\\Pipeline\\Pipeline->Illuminate\\Pipeline\\{closure}(Object(Illuminate\\Http\\Request))
#39 C:\\xampp\\htdocs\\book_shop_one\\vendor\\laravel\\framework\\src\\Illuminate\\Pipeline\\Pipeline.php(183): Illuminate\\Foundation\\Http\\Middleware\\ValidatePostSize->handle(Object(Illuminate\\Http\\Request), Object(Closure))
#40 C:\\xampp\\htdocs\\book_shop_one\\vendor\\laravel\\framework\\src\\Illuminate\\Foundation\\Http\\Middleware\\PreventRequestsDuringMaintenance.php(99): Illuminate\\Pipeline\\Pipeline->Illuminate\\Pipeline\\{closure}(Object(Illuminate\\Http\\Request))
#41 C:\\xampp\\htdocs\\book_shop_one\\vendor\\laravel\\framework\\src\\Illuminate\\Pipeline\\Pipeline.php(183): Illuminate\\Foundation\\Http\\Middleware\\PreventRequestsDuringMaintenance->handle(Object(Illuminate\\Http\\Request), Object(Closure))
#42 C:\\xampp\\htdocs\\book_shop_one\\vendor\\laravel\\framework\\src\\Illuminate\\Http\\Middleware\\HandleCors.php(62): Illuminate\\Pipeline\\Pipeline->Illuminate\\Pipeline\\{closure}(Object(Illuminate\\Http\\Request))
#43 C:\\xampp\\htdocs\\book_shop_one\\vendor\\laravel\\framework\\src\\Illuminate\\Pipeline\\Pipeline.php(183): Illuminate\\Http\\Middleware\\HandleCors->handle(Object(Illuminate\\Http\\Request), Object(Closure))
#44 C:\\xampp\\htdocs\\book_shop_one\\vendor\\laravel\\framework\\src\\Illuminate\\Http\\Middleware\\TrustProxies.php(39): Illuminate\\Pipeline\\Pipeline->Illuminate\\Pipeline\\{closure}(Object(Illuminate\\Http\\Request))
#45 C:\\xampp\\htdocs\\book_shop_one\\vendor\\laravel\\framework\\src\\Illuminate\\Pipeline\\Pipeline.php(183): Illuminate\\Http\\Middleware\\TrustProxies->handle(Object(Illuminate\\Http\\Request), Object(Closure))
#46 C:\\xampp\\htdocs\\book_shop_one\\vendor\\laravel\\framework\\src\\Illuminate\\Pipeline\\Pipeline.php(119): Illuminate\\Pipeline\\Pipeline->Illuminate\\Pipeline\\{closure}(Object(Illuminate\\Http\\Request))
#47 C:\\xampp\\htdocs\\book_shop_one\\vendor\\laravel\\framework\\src\\Illuminate\\Foundation\\Http\\Kernel.php(175): Illuminate\\Pipeline\\Pipeline->then(Object(Closure))
#48 C:\\xampp\\htdocs\\book_shop_one\\vendor\\laravel\\framework\\src\\Illuminate\\Foundation\\Http\\Kernel.php(144): Illuminate\\Foundation\\Http\\Kernel->sendRequestThroughRouter(Object(Illuminate\\Http\\Request))
#49 C:\\xampp\\htdocs\\book_shop_one\\public\\index.php(52): Illuminate\\Foundation\\Http\\Kernel->handle(Object(Illuminate\\Http\\Request))
#50 C:\\xampp\\htdocs\\book_shop_one\\vendor\\laravel\\framework\\src\\Illuminate\\Foundation\\resources\\server.php(16): require_once('C:\\\\xampp\\\\htdocs...')
#51 {main}

[previous exception] [object] (PDOException(code: 42S22): SQLSTATE[42S22]: Column not found: 1054 Unknown column 'replies.parent_id' in 'on clause' at C:\\xampp\\htdocs\\book_shop_one\\vendor\\laravel\\framework\\src\\Illuminate\\Database\\Connection.php:423)
[stacktrace]
#0 C:\\xampp\\htdocs\\book_shop_one\\vendor\\laravel\\framework\\src\\Illuminate\\Database\\Connection.php(423): PDO->prepare('select `replies...')
#1 C:\\xampp\\htdocs\\book_shop_one\\vendor\\laravel\\framework\\src\\Illuminate\\Database\\Connection.php(816): Illuminate\\Database\\Connection->Illuminate\\Database\\{closure}('select `replies...', Array)
#2 C:\\xampp\\htdocs\\book_shop_one\\vendor\\laravel\\framework\\src\\Illuminate\\Database\\Connection.php(783): Illuminate\\Database\\Connection->runQueryCallback('select `replies...', Array, Object(Closure))
#3 C:\\xampp\\htdocs\\book_shop_one\\vendor\\laravel\\framework\\src\\Illuminate\\Database\\Connection.php(431): Illuminate\\Database\\Connection->run('select `replies...', Array, Object(Closure))
#4 C:\\xampp\\htdocs\\book_shop_one\\vendor\\laravel\\framework\\src\\Illuminate\\Database\\Query\\Builder.php(2752): Illuminate\\Database\\Connection->select('select `replies...', Array, true)
#5 C:\\xampp\\htdocs\\book_shop_one\\vendor\\laravel\\framework\\src\\Illuminate\\Database\\Query\\Builder.php(2740): Illuminate\\Database\\Query\\Builder->runSelect()
#6 C:\\xampp\\htdocs\\book_shop_one\\vendor\\laravel\\framework\\src\\Illuminate\\Database\\Query\\Builder.php(3294): Illuminate\\Database\\Query\\Builder->Illuminate\\Database\\Query\\{closure}()
#7 C:\\xampp\\htdocs\\book_shop_one\\vendor\\laravel\\framework\\src\\Illuminate\\Database\\Query\\Builder.php(2741): Illuminate\\Database\\Query\\Builder->onceWithColumns(Array, Object(Closure))
#8 C:\\xampp\\htdocs\\book_shop_one\\vendor\\laravel\\framework\\src\\Illuminate\\Database\\Eloquent\\Builder.php(738): Illuminate\\Database\\Query\\Builder->get(Array)
#9 C:\\xampp\\htdocs\\book_shop_one\\vendor\\laravel\\framework\\src\\Illuminate\\Database\\Eloquent\\Builder.php(722): Illuminate\\Database\\Eloquent\\Builder->getModels(Array)
#10 C:\\xampp\\htdocs\\book_shop_one\\app\\Http\\Controllers\\Api\\ReplyController.php(23): Illuminate\\Database\\Eloquent\\Builder->get()
#11 C:\\xampp\\htdocs\\book_shop_one\\vendor\\laravel\\framework\\src\\Illuminate\\Routing\\Controller.php(54): App\\Http\\Controllers\\Api\\ReplyController->reply(Object(Illuminate\\Http\\Request))
#12 C:\\xampp\\htdocs\\book_shop_one\\vendor\\laravel\\framework\\src\\Illuminate\\Routing\\ControllerDispatcher.php(43): Illuminate\\Routing\\Controller->callAction('reply', Array)
#13 C:\\xampp\\htdocs\\book_shop_one\\vendor\\laravel\\framework\\src\\Illuminate\\Routing\\Route.php(260): Illuminate\\Routing\\ControllerDispatcher->dispatch(Object(Illuminate\\Routing\\Route), Object(App\\Http\\Controllers\\Api\\ReplyController), 'reply')
#14 C:\\xampp\\htdocs\\book_shop_one\\vendor\\laravel\\framework\\src\\Illuminate\\Routing\\Route.php(205): Illuminate\\Routing\\Route->runController()
#15 C:\\xampp\\htdocs\\book_shop_one\\vendor\\laravel\\framework\\src\\Illuminate\\Routing\\Router.php(806): Illuminate\\Routing\\Route->run()
#16 C:\\xampp\\htdocs\\book_shop_one\\vendor\\laravel\\framework\\src\\Illuminate\\Pipeline\\Pipeline.php(144): Illuminate\\Routing\\Router->Illuminate\\Routing\\{closure}(Object(Illuminate\\Http\\Request))
#17 C:\\xampp\\htdocs\\book_shop_one\\vendor\\laravel\\framework\\src\\Illuminate\\Routing\\Middleware\\SubstituteBindings.php(50): Illuminate\\Pipeline\\Pipeline->Illuminate\\Pipeline\\{closure}(Object(Illuminate\\Http\\Request))
#18 C:\\xampp\\htdocs\\book_shop_one\\vendor\\laravel\\framework\\src\\Illuminate\\Pipeline\\Pipeline.php(183): Illuminate\\Routing\\Middleware\\SubstituteBindings->handle(Object(Illuminate\\Http\\Request), Object(Closure))
#19 C:\\xampp\\htdocs\\book_shop_one\\vendor\\laravel\\framework\\src\\Illuminate\\Routing\\Middleware\\ThrottleRequests.php(159): Illuminate\\Pipeline\\Pipeline->Illuminate\\Pipeline\\{closure}(Object(Illuminate\\Http\\Request))
#20 C:\\xampp\\htdocs\\book_shop_one\\vendor\\laravel\\framework\\src\\Illuminate\\Routing\\Middleware\\ThrottleRequests.php(135): Illuminate\\Routing\\Middleware\\ThrottleRequests->handleRequest(Object(Illuminate\\Http\\Request), Object(Closure), Array)
#21 C:\\xampp\\htdocs\\book_shop_one\\vendor\\laravel\\framework\\src\\Illuminate\\Routing\\Middleware\\ThrottleRequests.php(87): Illuminate\\Routing\\Middleware\\ThrottleRequests->handleRequestUsingNamedLimiter(Object(Illuminate\\Http\\Request), Object(Closure), 'api', Object(Closure))
#22 C:\\xampp\\htdocs\\book_shop_one\\vendor\\laravel\\framework\\src\\Illuminate\\Pipeline\\Pipeline.php(183): Illuminate\\Routing\\Middleware\\ThrottleRequests->handle(Object(Illuminate\\Http\\Request), Object(Closure), 'api')
#23 C:\\xampp\\htdocs\\book_shop_one\\vendor\\laravel\\framework\\src\\Illuminate\\Auth\\Middleware\\Authenticate.php(57): Illuminate\\Pipeline\\Pipeline->Illuminate\\Pipeline\\{closure}(Object(Illuminate\\Http\\Request))
#24 C:\\xampp\\htdocs\\book_shop_one\\vendor\\laravel\\framework\\src\\Illuminate\\Pipeline\\Pipeline.php(183): Illuminate\\Auth\\Middleware\\Authenticate->handle(Object(Illuminate\\Http\\Request), Object(Closure), 'sanctum')
#25 C:\\xampp\\htdocs\\book_shop_one\\vendor\\laravel\\framework\\src\\Illuminate\\Pipeline\\Pipeline.php(119): Illuminate\\Pipeline\\Pipeline->Illuminate\\Pipeline\\{closure}(Object(Illuminate\\Http\\Request))
#26 C:\\xampp\\htdocs\\book_shop_one\\vendor\\laravel\\framework\\src\\Illuminate\\Routing\\Router.php(807): Illuminate\\Pipeline\\Pipeline->then(Object(Closure))
#27 C:\\xampp\\htdocs\\book_shop_one\\vendor\\laravel\\framework\\src\\Illuminate\\Routing\\Router.php(784): Illuminate\\Routing\\Router->runRouteWithinStack(Object(Illuminate\\Routing\\Route), Object(Illuminate\\Http\\Request))
#28 C:\\xampp\\htdocs\\book_shop_one\\vendor\\laravel\\framework\\src\\Illuminate\\Routing\\Router.php(748): Illuminate\\Routing\\Router->runRoute(Object(Illuminate\\Http\\Request), Object(Illuminate\\Routing\\Route))
#29 C:\\xampp\\htdocs\\book_shop_one\\vendor\\laravel\\framework\\src\\Illuminate\\Routing\\Router.php(737): Illuminate\\Routing\\Router->dispatchToRoute(Object(Illuminate\\Http\\Request))
#30 C:\\xampp\\htdocs\\book_shop_one\\vendor\\laravel\\framework\\src\\Illuminate\\Foundation\\Http\\Kernel.php(200): Illuminate\\Routing\\Router->dispatch(Object(Illuminate\\Http\\Request))
#31 C:\\xampp\\htdocs\\book_shop_one\\vendor\\laravel\\framework\\src\\Illuminate\\Pipeline\\Pipeline.php(144): Illuminate\\Foundation\\Http\\Kernel->Illuminate\\Foundation\\Http\\{closure}(Object(Illuminate\\Http\\Request))
#32 C:\\xampp\\htdocs\\book_shop_one\\vendor\\livewire\\livewire\\src\\Features\\SupportDisablingBackButtonCache\\DisableBackButtonCacheMiddleware.php(19): Illuminate\\Pipeline\\Pipeline->Illuminate\\Pipeline\\{closure}(Object(Illuminate\\Http\\Request))
#33 C:\\xampp\\htdocs\\book_shop_one\\vendor\\laravel\\framework\\src\\Illuminate\\Pipeline\\Pipeline.php(183): Livewire\\Features\\SupportDisablingBackButtonCache\\DisableBackButtonCacheMiddleware->handle(Object(Illuminate\\Http\\Request), Object(Closure))
#34 C:\\xampp\\htdocs\\book_shop_one\\vendor\\laravel\\framework\\src\\Illuminate\\Foundation\\Http\\Middleware\\TransformsRequest.php(21): Illuminate\\Pipeline\\Pipeline->Illuminate\\Pipeline\\{closure}(Object(Illuminate\\Http\\Request))
#35 C:\\xampp\\htdocs\\book_shop_one\\vendor\\laravel\\framework\\src\\Illuminate\\Foundation\\Http\\Middleware\\ConvertEmptyStringsToNull.php(31): Illuminate\\Foundation\\Http\\Middleware\\TransformsRequest->handle(Object(Illuminate\\Http\\Request), Object(Closure))
#36 C:\\xampp\\htdocs\\book_shop_one\\vendor\\laravel\\framework\\src\\Illuminate\\Pipeline\\Pipeline.php(183): Illuminate\\Foundation\\Http\\Middleware\\ConvertEmptyStringsToNull->handle(Object(Illuminate\\Http\\Request), Object(Closure))
#37 C:\\xampp\\htdocs\\book_shop_one\\vendor\\laravel\\framework\\src\\Illuminate\\Foundation\\Http\\Middleware\\TransformsRequest.php(21): Illuminate\\Pipeline\\Pipeline->Illuminate\\Pipeline\\{closure}(Object(Illuminate\\Http\\Request))
#38 C:\\xampp\\htdocs\\book_shop_one\\vendor\\laravel\\framework\\src\\Illuminate\\Foundation\\Http\\Middleware\\TrimStrings.php(40): Illuminate\\Foundation\\Http\\Middleware\\TransformsRequest->handle(Object(Illuminate\\Http\\Request), Object(Closure))
#39 C:\\xampp\\htdocs\\book_shop_one\\vendor\\laravel\\framework\\src\\Illuminate\\Pipeline\\Pipeline.php(183): Illuminate\\Foundation\\Http\\Middleware\\TrimStrings->handle(Object(Illuminate\\Http\\Request), Object(Closure))
#40 C:\\xampp\\htdocs\\book_shop_one\\vendor\\laravel\\framework\\src\\Illuminate\\Foundation\\Http\\Middleware\\ValidatePostSize.php(27): Illuminate\\Pipeline\\Pipeline->Illuminate\\Pipeline\\{closure}(Object(Illuminate\\Http\\Request))
#41 C:\\xampp\\htdocs\\book_shop_one\\vendor\\laravel\\framework\\src\\Illuminate\\Pipeline\\Pipeline.php(183): Illuminate\\Foundation\\Http\\Middleware\\ValidatePostSize->handle(Object(Illuminate\\Http\\Request), Object(Closure))
#42 C:\\xampp\\htdocs\\book_shop_one\\vendor\\laravel\\framework\\src\\Illuminate\\Foundation\\Http\\Middleware\\PreventRequestsDuringMaintenance.php(99): Illuminate\\Pipeline\\Pipeline->Illuminate\\Pipeline\\{closure}(Object(Illuminate\\Http\\Request))
#43 C:\\xampp\\htdocs\\book_shop_one\\vendor\\laravel\\framework\\src\\Illuminate\\Pipeline\\Pipeline.php(183): Illuminate\\Foundation\\Http\\Middleware\\PreventRequestsDuringMaintenance->handle(Object(Illuminate\\Http\\Request), Object(Closure))
#44 C:\\xampp\\htdocs\\book_shop_one\\vendor\\laravel\\framework\\src\\Illuminate\\Http\\Middleware\\HandleCors.php(62): Illuminate\\Pipeline\\Pipeline->Illuminate\\Pipeline\\{closure}(Object(Illuminate\\Http\\Request))
#45 C:\\xampp\\htdocs\\book_shop_one\\vendor\\laravel\\framework\\src\\Illuminate\\Pipeline\\Pipeline.php(183): Illuminate\\Http\\Middleware\\HandleCors->handle(Object(Illuminate\\Http\\Request), Object(Closure))
#46 C:\\xampp\\htdocs\\book_shop_one\\vendor\\laravel\\framework\\src\\Illuminate\\Http\\Middleware\\TrustProxies.php(39): Illuminate\\Pipeline\\Pipeline->Illuminate\\Pipeline\\{closure}(Object(Illuminate\\Http\\Request))
#47 C:\\xampp\\htdocs\\book_shop_one\\vendor\\laravel\\framework\\src\\Illuminate\\Pipeline\\Pipeline.php(183): Illuminate\\Http\\Middleware\\TrustProxies->handle(Object(Illuminate\\Http\\Request), Object(Closure))
#48 C:\\xampp\\htdocs\\book_shop_one\\vendor\\laravel\\framework\\src\\Illuminate\\Pipeline\\Pipeline.php(119): Illuminate\\Pipeline\\Pipeline->Illuminate\\Pipeline\\{closure}(Object(Illuminate\\Http\\Request))
#49 C:\\xampp\\htdocs\\book_shop_one\\vendor\\laravel\\framework\\src\\Illuminate\\Foundation\\Http\\Kernel.php(175): Illuminate\\Pipeline\\Pipeline->then(Object(Closure))
#50 C:\\xampp\\htdocs\\book_shop_one\\vendor\\laravel\\framework\\src\\Illuminate\\Foundation\\Http\\Kernel.php(144): Illuminate\\Foundation\\Http\\Kernel->sendRequestThroughRouter(Object(Illuminate\\Http\\Request))
#51 C:\\xampp\\htdocs\\book_shop_one\\public\\index.php(52): Illuminate\\Foundation\\Http\\Kernel->handle(Object(Illuminate\\Http\\Request))
#52 C:\\xampp\\htdocs\\book_shop_one\\vendor\\laravel\\framework\\src\\Illuminate\\Foundation\\resources\\server.php(16): require_once('C:\\\\xampp\\\\htdocs...')
#53 {main}
"} 
[2024-04-14 08:37:38] local.DEBUG: {"replied_user_id":2,"replied_username":"HAY HTAY THWE","reply":"I like it too","updated_at":"2024-04-14T08:37:38.000000Z","created_at":"2024-04-14T08:37:38.000000Z","id":2}  
[2024-04-14 08:55:17] local.DEBUG: [{"id":1,"replied_user_id":"2","replied_username":"HAY HTAY THWE","reply":"I like it too","created_at":"2024-04-14T08:36:47.000000Z","updated_at":"2024-04-14T08:36:47.000000Z"},{"id":2,"replied_user_id":"2","replied_username":"HAY HTAY THWE","reply":"I like it too","created_at":"2024-04-14T08:37:38.000000Z","updated_at":"2024-04-14T08:37:38.000000Z"}]  
[2024-04-14 08:59:20] local.DEBUG: [{"id":1,"replied_user_id":"2","replied_username":"HAY HTAY THWE","reply":"I like it too","created_at":"2024-04-14T08:36:47.000000Z","updated_at":"2024-04-14T08:36:47.000000Z"},{"id":2,"replied_user_id":"2","replied_username":"HAY HTAY THWE","reply":"I like it too","created_at":"2024-04-14T08:37:38.000000Z","updated_at":"2024-04-14T08:37:38.000000Z"}]  
[2024-04-14 08:59:26] local.DEBUG: {"id":3,"replied_user_id":"2","replied_username":"HAY HTAY THWE","reply":"good","created_at":"2024-04-14T08:59:26.000000Z","updated_at":"2024-04-14T08:59:26.000000Z"}  
[2024-04-14 09:03:00] local.DEBUG: {"id":4,"replied_user_id":"2","replied_username":"HAY HTAY THWE","reply":"ghy","created_at":"2024-04-14T09:03:00.000000Z","updated_at":"2024-04-14T09:03:00.000000Z"}  
[2024-04-14 09:12:17] local.DEBUG: {"id":5,"replied_user_id":"2","replied_username":"HAY HTAY THWE","reply":"good_comment","created_at":"2024-04-14T09:12:17.000000Z","updated_at":"2024-04-14T09:12:17.000000Z"}  
[2024-04-14 09:13:18] local.DEBUG: {"id":6,"replied_user_id":"2","replied_username":"HAY HTAY THWE","reply":"dd","created_at":"2024-04-14T09:13:18.000000Z","updated_at":"2024-04-14T09:13:18.000000Z"}  
[2024-04-14 09:17:32] local.DEBUG: [{"id":1,"replied_user_id":"2","replied_username":"HAY HTAY THWE","reply":"I like it too","created_at":"2024-04-14T08:36:47.000000Z","updated_at":"2024-04-14T08:36:47.000000Z"},{"id":2,"replied_user_id":"2","replied_username":"HAY HTAY THWE","reply":"I like it too","created_at":"2024-04-14T08:37:38.000000Z","updated_at":"2024-04-14T08:37:38.000000Z"},{"id":3,"replied_user_id":"2","replied_username":"HAY HTAY THWE","reply":"good","created_at":"2024-04-14T08:59:26.000000Z","updated_at":"2024-04-14T08:59:26.000000Z"},{"id":4,"replied_user_id":"2","replied_username":"HAY HTAY THWE","reply":"ghy","created_at":"2024-04-14T09:03:00.000000Z","updated_at":"2024-04-14T09:03:00.000000Z"},{"id":5,"replied_user_id":"2","replied_username":"HAY HTAY THWE","reply":"good_comment","created_at":"2024-04-14T09:12:17.000000Z","updated_at":"2024-04-14T09:12:17.000000Z"},{"id":6,"replied_user_id":"2","replied_username":"HAY HTAY THWE","reply":"dd","created_at":"2024-04-14T09:13:18.000000Z","updated_at":"2024-04-14T09:13:18.000000Z"}]  
[2024-04-14 09:19:59] local.DEBUG: [{"id":1,"replied_user_id":"2","replied_username":"HAY HTAY THWE","reply":"I like it too","created_at":"2024-04-14T08:36:47.000000Z","updated_at":"2024-04-14T08:36:47.000000Z"},{"id":2,"replied_user_id":"2","replied_username":"HAY HTAY THWE","reply":"I like it too","created_at":"2024-04-14T08:37:38.000000Z","updated_at":"2024-04-14T08:37:38.000000Z"},{"id":3,"replied_user_id":"2","replied_username":"HAY HTAY THWE","reply":"good","created_at":"2024-04-14T08:59:26.000000Z","updated_at":"2024-04-14T08:59:26.000000Z"},{"id":4,"replied_user_id":"2","replied_username":"HAY HTAY THWE","reply":"ghy","created_at":"2024-04-14T09:03:00.000000Z","updated_at":"2024-04-14T09:03:00.000000Z"},{"id":5,"replied_user_id":"2","replied_username":"HAY HTAY THWE","reply":"good_comment","created_at":"2024-04-14T09:12:17.000000Z","updated_at":"2024-04-14T09:12:17.000000Z"},{"id":6,"replied_user_id":"2","replied_username":"HAY HTAY THWE","reply":"dd","created_at":"2024-04-14T09:13:18.000000Z","updated_at":"2024-04-14T09:13:18.000000Z"}]  
[2024-04-14 09:27:06] local.DEBUG: {"id":7,"replied_user_id":"2","replied_username":"HAY HTAY THWE","reply":"gfgfgf","created_at":"2024-04-14T09:27:06.000000Z","updated_at":"2024-04-14T09:27:06.000000Z"}  
[2024-04-14 09:29:51] local.DEBUG: {"id":8,"replied_user_id":"2","replied_username":"HAY HTAY THWE","reply":"I like that","created_at":"2024-04-14T09:29:51.000000Z","updated_at":"2024-04-14T09:29:51.000000Z"}  
[2024-04-14 10:08:03] local.DEBUG: {"id":9,"replied_user_id":"2","replied_username":"HAY HTAY THWE","reply":"I li that","created_at":"2024-04-14T10:08:03.000000Z","updated_at":"2024-04-14T10:08:03.000000Z"}  
[2024-04-14 10:08:31] local.DEBUG: {"id":10,"replied_user_id":"2","replied_username":"HAY HTAY THWE","reply":"me too","created_at":"2024-04-14T10:08:31.000000Z","updated_at":"2024-04-14T10:08:31.000000Z"}  
[2024-04-14 10:09:51] local.DEBUG: {"id":11,"replied_user_id":"2","replied_username":"HAY HTAY THWE","reply":"right","created_at":"2024-04-14T10:09:51.000000Z","updated_at":"2024-04-14T10:09:51.000000Z"}  
[2024-04-14 10:10:08] local.DEBUG: {"id":12,"replied_user_id":"2","replied_username":"HAY HTAY THWE","reply":"good","created_at":"2024-04-14T10:10:08.000000Z","updated_at":"2024-04-14T10:10:08.000000Z"}  
[2024-04-14 10:10:23] local.DEBUG: {"id":13,"replied_user_id":"2","replied_username":"HAY HTAY THWE","reply":"like","created_at":"2024-04-14T10:10:23.000000Z","updated_at":"2024-04-14T10:10:23.000000Z"}  
[2024-04-14 10:10:36] local.DEBUG: {"id":14,"replied_user_id":"2","replied_username":"HAY HTAY THWE","reply":"like too","created_at":"2024-04-14T10:10:36.000000Z","updated_at":"2024-04-14T10:10:36.000000Z"}  
[2024-04-14 10:12:13] local.DEBUG: {"id":15,"replied_user_id":"2","replied_username":"HAY HTAY THWE","reply":"hgjkkll;;","created_at":"2024-04-14T10:12:13.000000Z","updated_at":"2024-04-14T10:12:13.000000Z"}  
[2024-04-14 10:15:26] local.DEBUG: {"id":16,"replied_user_id":"2","replied_username":"HAY HTAY THWE","reply":"\u102f\u102f\u102f\u102f","created_at":"2024-04-14T10:15:26.000000Z","updated_at":"2024-04-14T10:15:26.000000Z"}  
[2024-04-14 10:34:18] local.DEBUG: [{"id":1,"replied_user_id":"2","replied_username":"HAY HTAY THWE","reply":"I like it too","created_at":"2024-04-14T08:36:47.000000Z","updated_at":"2024-04-14T08:36:47.000000Z"},{"id":2,"replied_user_id":"2","replied_username":"HAY HTAY THWE","reply":"I like it too","created_at":"2024-04-14T08:37:38.000000Z","updated_at":"2024-04-14T08:37:38.000000Z"},{"id":3,"replied_user_id":"2","replied_username":"HAY HTAY THWE","reply":"good","created_at":"2024-04-14T08:59:26.000000Z","updated_at":"2024-04-14T08:59:26.000000Z"},{"id":4,"replied_user_id":"2","replied_username":"HAY HTAY THWE","reply":"ghy","created_at":"2024-04-14T09:03:00.000000Z","updated_at":"2024-04-14T09:03:00.000000Z"},{"id":5,"replied_user_id":"2","replied_username":"HAY HTAY THWE","reply":"good_comment","created_at":"2024-04-14T09:12:17.000000Z","updated_at":"2024-04-14T09:12:17.000000Z"},{"id":6,"replied_user_id":"2","replied_username":"HAY HTAY THWE","reply":"dd","created_at":"2024-04-14T09:13:18.000000Z","updated_at":"2024-04-14T09:13:18.000000Z"},{"id":7,"replied_user_id":"2","replied_username":"HAY HTAY THWE","reply":"gfgfgf","created_at":"2024-04-14T09:27:06.000000Z","updated_at":"2024-04-14T09:27:06.000000Z"},{"id":8,"replied_user_id":"2","replied_username":"HAY HTAY THWE","reply":"I like that","created_at":"2024-04-14T09:29:51.000000Z","updated_at":"2024-04-14T09:29:51.000000Z"},{"id":9,"replied_user_id":"2","replied_username":"HAY HTAY THWE","reply":"I li that","created_at":"2024-04-14T10:08:03.000000Z","updated_at":"2024-04-14T10:08:03.000000Z"},{"id":10,"replied_user_id":"2","replied_username":"HAY HTAY THWE","reply":"me too","created_at":"2024-04-14T10:08:31.000000Z","updated_at":"2024-04-14T10:08:31.000000Z"},{"id":11,"replied_user_id":"2","replied_username":"HAY HTAY THWE","reply":"right","created_at":"2024-04-14T10:09:51.000000Z","updated_at":"2024-04-14T10:09:51.000000Z"},{"id":12,"replied_user_id":"2","replied_username":"HAY HTAY THWE","reply":"good","created_at":"2024-04-14T10:10:08.000000Z","updated_at":"2024-04-14T10:10:08.000000Z"},{"id":13,"replied_user_id":"2","replied_username":"HAY HTAY THWE","reply":"like","created_at":"2024-04-14T10:10:23.000000Z","updated_at":"2024-04-14T10:10:23.000000Z"},{"id":14,"replied_user_id":"2","replied_username":"HAY HTAY THWE","reply":"like too","created_at":"2024-04-14T10:10:36.000000Z","updated_at":"2024-04-14T10:10:36.000000Z"},{"id":15,"replied_user_id":"2","replied_username":"HAY HTAY THWE","reply":"hgjkkll;;","created_at":"2024-04-14T10:12:13.000000Z","updated_at":"2024-04-14T10:12:13.000000Z"},{"id":16,"replied_user_id":"2","replied_username":"HAY HTAY THWE","reply":"\u102f\u102f\u102f\u102f","created_at":"2024-04-14T10:15:26.000000Z","updated_at":"2024-04-14T10:15:26.000000Z"},{"id":17,"replied_user_id":"2","replied_username":"HAY HTAY THWE","reply":"jjjj","created_at":"2024-04-14T10:34:18.000000Z","updated_at":"2024-04-14T10:34:18.000000Z"}]  
[2024-04-14 10:42:45] local.DEBUG: [{"id":1,"replied_user_id":"2","replied_username":"HAY HTAY THWE","reply":"I like it too","created_at":"2024-04-14T08:36:47.000000Z","updated_at":"2024-04-14T08:36:47.000000Z"},{"id":2,"replied_user_id":"2","replied_username":"HAY HTAY THWE","reply":"I like it too","created_at":"2024-04-14T08:37:38.000000Z","updated_at":"2024-04-14T08:37:38.000000Z"},{"id":3,"replied_user_id":"2","replied_username":"HAY HTAY THWE","reply":"good","created_at":"2024-04-14T08:59:26.000000Z","updated_at":"2024-04-14T08:59:26.000000Z"},{"id":4,"replied_user_id":"2","replied_username":"HAY HTAY THWE","reply":"ghy","created_at":"2024-04-14T09:03:00.000000Z","updated_at":"2024-04-14T09:03:00.000000Z"},{"id":5,"replied_user_id":"2","replied_username":"HAY HTAY THWE","reply":"good_comment","created_at":"2024-04-14T09:12:17.000000Z","updated_at":"2024-04-14T09:12:17.000000Z"},{"id":6,"replied_user_id":"2","replied_username":"HAY HTAY THWE","reply":"dd","created_at":"2024-04-14T09:13:18.000000Z","updated_at":"2024-04-14T09:13:18.000000Z"},{"id":7,"replied_user_id":"2","replied_username":"HAY HTAY THWE","reply":"gfgfgf","created_at":"2024-04-14T09:27:06.000000Z","updated_at":"2024-04-14T09:27:06.000000Z"},{"id":8,"replied_user_id":"2","replied_username":"HAY HTAY THWE","reply":"I like that","created_at":"2024-04-14T09:29:51.000000Z","updated_at":"2024-04-14T09:29:51.000000Z"},{"id":9,"replied_user_id":"2","replied_username":"HAY HTAY THWE","reply":"I li that","created_at":"2024-04-14T10:08:03.000000Z","updated_at":"2024-04-14T10:08:03.000000Z"},{"id":10,"replied_user_id":"2","replied_username":"HAY HTAY THWE","reply":"me too","created_at":"2024-04-14T10:08:31.000000Z","updated_at":"2024-04-14T10:08:31.000000Z"},{"id":11,"replied_user_id":"2","replied_username":"HAY HTAY THWE","reply":"right","created_at":"2024-04-14T10:09:51.000000Z","updated_at":"2024-04-14T10:09:51.000000Z"},{"id":12,"replied_user_id":"2","replied_username":"HAY HTAY THWE","reply":"good","created_at":"2024-04-14T10:10:08.000000Z","updated_at":"2024-04-14T10:10:08.000000Z"},{"id":13,"replied_user_id":"2","replied_username":"HAY HTAY THWE","reply":"like","created_at":"2024-04-14T10:10:23.000000Z","updated_at":"2024-04-14T10:10:23.000000Z"},{"id":14,"replied_user_id":"2","replied_username":"HAY HTAY THWE","reply":"like too","created_at":"2024-04-14T10:10:36.000000Z","updated_at":"2024-04-14T10:10:36.000000Z"},{"id":15,"replied_user_id":"2","replied_username":"HAY HTAY THWE","reply":"hgjkkll;;","created_at":"2024-04-14T10:12:13.000000Z","updated_at":"2024-04-14T10:12:13.000000Z"},{"id":16,"replied_user_id":"2","replied_username":"HAY HTAY THWE","reply":"\u102f\u102f\u102f\u102f","created_at":"2024-04-14T10:15:26.000000Z","updated_at":"2024-04-14T10:15:26.000000Z"},{"id":17,"replied_user_id":"2","replied_username":"HAY HTAY THWE","reply":"jjjj","created_at":"2024-04-14T10:34:18.000000Z","updated_at":"2024-04-14T10:34:18.000000Z"}]  
[2024-04-14 10:42:50] local.DEBUG: [{"id":1,"replied_user_id":"2","replied_username":"HAY HTAY THWE","reply":"I like it too","created_at":"2024-04-14T08:36:47.000000Z","updated_at":"2024-04-14T08:36:47.000000Z"},{"id":2,"replied_user_id":"2","replied_username":"HAY HTAY THWE","reply":"I like it too","created_at":"2024-04-14T08:37:38.000000Z","updated_at":"2024-04-14T08:37:38.000000Z"},{"id":3,"replied_user_id":"2","replied_username":"HAY HTAY THWE","reply":"good","created_at":"2024-04-14T08:59:26.000000Z","updated_at":"2024-04-14T08:59:26.000000Z"},{"id":4,"replied_user_id":"2","replied_username":"HAY HTAY THWE","reply":"ghy","created_at":"2024-04-14T09:03:00.000000Z","updated_at":"2024-04-14T09:03:00.000000Z"},{"id":5,"replied_user_id":"2","replied_username":"HAY HTAY THWE","reply":"good_comment","created_at":"2024-04-14T09:12:17.000000Z","updated_at":"2024-04-14T09:12:17.000000Z"},{"id":6,"replied_user_id":"2","replied_username":"HAY HTAY THWE","reply":"dd","created_at":"2024-04-14T09:13:18.000000Z","updated_at":"2024-04-14T09:13:18.000000Z"},{"id":7,"replied_user_id":"2","replied_username":"HAY HTAY THWE","reply":"gfgfgf","created_at":"2024-04-14T09:27:06.000000Z","updated_at":"2024-04-14T09:27:06.000000Z"},{"id":8,"replied_user_id":"2","replied_username":"HAY HTAY THWE","reply":"I like that","created_at":"2024-04-14T09:29:51.000000Z","updated_at":"2024-04-14T09:29:51.000000Z"},{"id":9,"replied_user_id":"2","replied_username":"HAY HTAY THWE","reply":"I li that","created_at":"2024-04-14T10:08:03.000000Z","updated_at":"2024-04-14T10:08:03.000000Z"},{"id":10,"replied_user_id":"2","replied_username":"HAY HTAY THWE","reply":"me too","created_at":"2024-04-14T10:08:31.000000Z","updated_at":"2024-04-14T10:08:31.000000Z"},{"id":11,"replied_user_id":"2","replied_username":"HAY HTAY THWE","reply":"right","created_at":"2024-04-14T10:09:51.000000Z","updated_at":"2024-04-14T10:09:51.000000Z"},{"id":12,"replied_user_id":"2","replied_username":"HAY HTAY THWE","reply":"good","created_at":"2024-04-14T10:10:08.000000Z","updated_at":"2024-04-14T10:10:08.000000Z"},{"id":13,"replied_user_id":"2","replied_username":"HAY HTAY THWE","reply":"like","created_at":"2024-04-14T10:10:23.000000Z","updated_at":"2024-04-14T10:10:23.000000Z"},{"id":14,"replied_user_id":"2","replied_username":"HAY HTAY THWE","reply":"like too","created_at":"2024-04-14T10:10:36.000000Z","updated_at":"2024-04-14T10:10:36.000000Z"},{"id":15,"replied_user_id":"2","replied_username":"HAY HTAY THWE","reply":"hgjkkll;;","created_at":"2024-04-14T10:12:13.000000Z","updated_at":"2024-04-14T10:12:13.000000Z"},{"id":16,"replied_user_id":"2","replied_username":"HAY HTAY THWE","reply":"\u102f\u102f\u102f\u102f","created_at":"2024-04-14T10:15:26.000000Z","updated_at":"2024-04-14T10:15:26.000000Z"},{"id":17,"replied_user_id":"2","replied_username":"HAY HTAY THWE","reply":"jjjj","created_at":"2024-04-14T10:34:18.000000Z","updated_at":"2024-04-14T10:34:18.000000Z"},{"id":18,"replied_user_id":"2","replied_username":"HAY HTAY THWE","reply":"gg","created_at":"2024-04-14T10:42:50.000000Z","updated_at":"2024-04-14T10:42:50.000000Z"}]  
[2024-04-14 10:45:06] local.DEBUG: [{"id":1,"replied_user_id":"2","replied_username":"HAY HTAY THWE","reply":"I like it too","created_at":"2024-04-14T08:36:47.000000Z","updated_at":"2024-04-14T08:36:47.000000Z"},{"id":2,"replied_user_id":"2","replied_username":"HAY HTAY THWE","reply":"I like it too","created_at":"2024-04-14T08:37:38.000000Z","updated_at":"2024-04-14T08:37:38.000000Z"},{"id":3,"replied_user_id":"2","replied_username":"HAY HTAY THWE","reply":"good","created_at":"2024-04-14T08:59:26.000000Z","updated_at":"2024-04-14T08:59:26.000000Z"},{"id":4,"replied_user_id":"2","replied_username":"HAY HTAY THWE","reply":"ghy","created_at":"2024-04-14T09:03:00.000000Z","updated_at":"2024-04-14T09:03:00.000000Z"},{"id":5,"replied_user_id":"2","replied_username":"HAY HTAY THWE","reply":"good_comment","created_at":"2024-04-14T09:12:17.000000Z","updated_at":"2024-04-14T09:12:17.000000Z"},{"id":6,"replied_user_id":"2","replied_username":"HAY HTAY THWE","reply":"dd","created_at":"2024-04-14T09:13:18.000000Z","updated_at":"2024-04-14T09:13:18.000000Z"},{"id":7,"replied_user_id":"2","replied_username":"HAY HTAY THWE","reply":"gfgfgf","created_at":"2024-04-14T09:27:06.000000Z","updated_at":"2024-04-14T09:27:06.000000Z"},{"id":8,"replied_user_id":"2","replied_username":"HAY HTAY THWE","reply":"I like that","created_at":"2024-04-14T09:29:51.000000Z","updated_at":"2024-04-14T09:29:51.000000Z"},{"id":9,"replied_user_id":"2","replied_username":"HAY HTAY THWE","reply":"I li that","created_at":"2024-04-14T10:08:03.000000Z","updated_at":"2024-04-14T10:08:03.000000Z"},{"id":10,"replied_user_id":"2","replied_username":"HAY HTAY THWE","reply":"me too","created_at":"2024-04-14T10:08:31.000000Z","updated_at":"2024-04-14T10:08:31.000000Z"},{"id":11,"replied_user_id":"2","replied_username":"HAY HTAY THWE","reply":"right","created_at":"2024-04-14T10:09:51.000000Z","updated_at":"2024-04-14T10:09:51.000000Z"},{"id":12,"replied_user_id":"2","replied_username":"HAY HTAY THWE","reply":"good","created_at":"2024-04-14T10:10:08.000000Z","updated_at":"2024-04-14T10:10:08.000000Z"},{"id":13,"replied_user_id":"2","replied_username":"HAY HTAY THWE","reply":"like","created_at":"2024-04-14T10:10:23.000000Z","updated_at":"2024-04-14T10:10:23.000000Z"},{"id":14,"replied_user_id":"2","replied_username":"HAY HTAY THWE","reply":"like too","created_at":"2024-04-14T10:10:36.000000Z","updated_at":"2024-04-14T10:10:36.000000Z"},{"id":15,"replied_user_id":"2","replied_username":"HAY HTAY THWE","reply":"hgjkkll;;","created_at":"2024-04-14T10:12:13.000000Z","updated_at":"2024-04-14T10:12:13.000000Z"},{"id":16,"replied_user_id":"2","replied_username":"HAY HTAY THWE","reply":"\u102f\u102f\u102f\u102f","created_at":"2024-04-14T10:15:26.000000Z","updated_at":"2024-04-14T10:15:26.000000Z"},{"id":17,"replied_user_id":"2","replied_username":"HAY HTAY THWE","reply":"jjjj","created_at":"2024-04-14T10:34:18.000000Z","updated_at":"2024-04-14T10:34:18.000000Z"},{"id":18,"replied_user_id":"2","replied_username":"HAY HTAY THWE","reply":"gg","created_at":"2024-04-14T10:42:50.000000Z","updated_at":"2024-04-14T10:42:50.000000Z"},{"id":19,"replied_user_id":"2","replied_username":"HAY HTAY THWE","reply":"kkk","created_at":"2024-04-14T10:45:06.000000Z","updated_at":"2024-04-14T10:45:06.000000Z"}]  
[2024-04-14 10:50:17] local.DEBUG: [{"id":1,"replied_user_id":"2","replied_username":"HAY HTAY THWE","reply":"I like it too","created_at":"2024-04-14T08:36:47.000000Z","updated_at":"2024-04-14T08:36:47.000000Z"},{"id":2,"replied_user_id":"2","replied_username":"HAY HTAY THWE","reply":"I like it too","created_at":"2024-04-14T08:37:38.000000Z","updated_at":"2024-04-14T08:37:38.000000Z"},{"id":3,"replied_user_id":"2","replied_username":"HAY HTAY THWE","reply":"good","created_at":"2024-04-14T08:59:26.000000Z","updated_at":"2024-04-14T08:59:26.000000Z"},{"id":4,"replied_user_id":"2","replied_username":"HAY HTAY THWE","reply":"ghy","created_at":"2024-04-14T09:03:00.000000Z","updated_at":"2024-04-14T09:03:00.000000Z"},{"id":5,"replied_user_id":"2","replied_username":"HAY HTAY THWE","reply":"good_comment","created_at":"2024-04-14T09:12:17.000000Z","updated_at":"2024-04-14T09:12:17.000000Z"},{"id":6,"replied_user_id":"2","replied_username":"HAY HTAY THWE","reply":"dd","created_at":"2024-04-14T09:13:18.000000Z","updated_at":"2024-04-14T09:13:18.000000Z"},{"id":7,"replied_user_id":"2","replied_username":"HAY HTAY THWE","reply":"gfgfgf","created_at":"2024-04-14T09:27:06.000000Z","updated_at":"2024-04-14T09:27:06.000000Z"},{"id":8,"replied_user_id":"2","replied_username":"HAY HTAY THWE","reply":"I like that","created_at":"2024-04-14T09:29:51.000000Z","updated_at":"2024-04-14T09:29:51.000000Z"},{"id":9,"replied_user_id":"2","replied_username":"HAY HTAY THWE","reply":"I li that","created_at":"2024-04-14T10:08:03.000000Z","updated_at":"2024-04-14T10:08:03.000000Z"},{"id":10,"replied_user_id":"2","replied_username":"HAY HTAY THWE","reply":"me too","created_at":"2024-04-14T10:08:31.000000Z","updated_at":"2024-04-14T10:08:31.000000Z"},{"id":11,"replied_user_id":"2","replied_username":"HAY HTAY THWE","reply":"right","created_at":"2024-04-14T10:09:51.000000Z","updated_at":"2024-04-14T10:09:51.000000Z"},{"id":12,"replied_user_id":"2","replied_username":"HAY HTAY THWE","reply":"good","created_at":"2024-04-14T10:10:08.000000Z","updated_at":"2024-04-14T10:10:08.000000Z"},{"id":13,"replied_user_id":"2","replied_username":"HAY HTAY THWE","reply":"like","created_at":"2024-04-14T10:10:23.000000Z","updated_at":"2024-04-14T10:10:23.000000Z"},{"id":14,"replied_user_id":"2","replied_username":"HAY HTAY THWE","reply":"like too","created_at":"2024-04-14T10:10:36.000000Z","updated_at":"2024-04-14T10:10:36.000000Z"},{"id":15,"replied_user_id":"2","replied_username":"HAY HTAY THWE","reply":"hgjkkll;;","created_at":"2024-04-14T10:12:13.000000Z","updated_at":"2024-04-14T10:12:13.000000Z"},{"id":16,"replied_user_id":"2","replied_username":"HAY HTAY THWE","reply":"\u102f\u102f\u102f\u102f","created_at":"2024-04-14T10:15:26.000000Z","updated_at":"2024-04-14T10:15:26.000000Z"},{"id":17,"replied_user_id":"2","replied_username":"HAY HTAY THWE","reply":"jjjj","created_at":"2024-04-14T10:34:18.000000Z","updated_at":"2024-04-14T10:34:18.000000Z"},{"id":18,"replied_user_id":"2","replied_username":"HAY HTAY THWE","reply":"gg","created_at":"2024-04-14T10:42:50.000000Z","updated_at":"2024-04-14T10:42:50.000000Z"},{"id":19,"replied_user_id":"2","replied_username":"HAY HTAY THWE","reply":"kkk","created_at":"2024-04-14T10:45:06.000000Z","updated_at":"2024-04-14T10:45:06.000000Z"},{"id":20,"replied_user_id":"2","replied_username":"HAY HTAY THWE","reply":"hhh","created_at":"2024-04-14T10:50:17.000000Z","updated_at":"2024-04-14T10:50:17.000000Z"}]  
[2024-04-14 10:50:40] local.DEBUG: [{"id":1,"replied_user_id":"2","replied_username":"HAY HTAY THWE","reply":"I like it too","created_at":"2024-04-14T08:36:47.000000Z","updated_at":"2024-04-14T08:36:47.000000Z"},{"id":2,"replied_user_id":"2","replied_username":"HAY HTAY THWE","reply":"I like it too","created_at":"2024-04-14T08:37:38.000000Z","updated_at":"2024-04-14T08:37:38.000000Z"},{"id":3,"replied_user_id":"2","replied_username":"HAY HTAY THWE","reply":"good","created_at":"2024-04-14T08:59:26.000000Z","updated_at":"2024-04-14T08:59:26.000000Z"},{"id":4,"replied_user_id":"2","replied_username":"HAY HTAY THWE","reply":"ghy","created_at":"2024-04-14T09:03:00.000000Z","updated_at":"2024-04-14T09:03:00.000000Z"},{"id":5,"replied_user_id":"2","replied_username":"HAY HTAY THWE","reply":"good_comment","created_at":"2024-04-14T09:12:17.000000Z","updated_at":"2024-04-14T09:12:17.000000Z"},{"id":6,"replied_user_id":"2","replied_username":"HAY HTAY THWE","reply":"dd","created_at":"2024-04-14T09:13:18.000000Z","updated_at":"2024-04-14T09:13:18.000000Z"},{"id":7,"replied_user_id":"2","replied_username":"HAY HTAY THWE","reply":"gfgfgf","created_at":"2024-04-14T09:27:06.000000Z","updated_at":"2024-04-14T09:27:06.000000Z"},{"id":8,"replied_user_id":"2","replied_username":"HAY HTAY THWE","reply":"I like that","created_at":"2024-04-14T09:29:51.000000Z","updated_at":"2024-04-14T09:29:51.000000Z"},{"id":9,"replied_user_id":"2","replied_username":"HAY HTAY THWE","reply":"I li that","created_at":"2024-04-14T10:08:03.000000Z","updated_at":"2024-04-14T10:08:03.000000Z"},{"id":10,"replied_user_id":"2","replied_username":"HAY HTAY THWE","reply":"me too","created_at":"2024-04-14T10:08:31.000000Z","updated_at":"2024-04-14T10:08:31.000000Z"},{"id":11,"replied_user_id":"2","replied_username":"HAY HTAY THWE","reply":"right","created_at":"2024-04-14T10:09:51.000000Z","updated_at":"2024-04-14T10:09:51.000000Z"},{"id":12,"replied_user_id":"2","replied_username":"HAY HTAY THWE","reply":"good","created_at":"2024-04-14T10:10:08.000000Z","updated_at":"2024-04-14T10:10:08.000000Z"},{"id":13,"replied_user_id":"2","replied_username":"HAY HTAY THWE","reply":"like","created_at":"2024-04-14T10:10:23.000000Z","updated_at":"2024-04-14T10:10:23.000000Z"},{"id":14,"replied_user_id":"2","replied_username":"HAY HTAY THWE","reply":"like too","created_at":"2024-04-14T10:10:36.000000Z","updated_at":"2024-04-14T10:10:36.000000Z"},{"id":15,"replied_user_id":"2","replied_username":"HAY HTAY THWE","reply":"hgjkkll;;","created_at":"2024-04-14T10:12:13.000000Z","updated_at":"2024-04-14T10:12:13.000000Z"},{"id":16,"replied_user_id":"2","replied_username":"HAY HTAY THWE","reply":"\u102f\u102f\u102f\u102f","created_at":"2024-04-14T10:15:26.000000Z","updated_at":"2024-04-14T10:15:26.000000Z"},{"id":17,"replied_user_id":"2","replied_username":"HAY HTAY THWE","reply":"jjjj","created_at":"2024-04-14T10:34:18.000000Z","updated_at":"2024-04-14T10:34:18.000000Z"},{"id":18,"replied_user_id":"2","replied_username":"HAY HTAY THWE","reply":"gg","created_at":"2024-04-14T10:42:50.000000Z","updated_at":"2024-04-14T10:42:50.000000Z"},{"id":19,"replied_user_id":"2","replied_username":"HAY HTAY THWE","reply":"kkk","created_at":"2024-04-14T10:45:06.000000Z","updated_at":"2024-04-14T10:45:06.000000Z"},{"id":20,"replied_user_id":"2","replied_username":"HAY HTAY THWE","reply":"hhh","created_at":"2024-04-14T10:50:17.000000Z","updated_at":"2024-04-14T10:50:17.000000Z"},{"id":21,"replied_user_id":"2","replied_username":"HAY HTAY THWE","reply":"hhh","created_at":"2024-04-14T10:50:40.000000Z","updated_at":"2024-04-14T10:50:40.000000Z"}]  
[2024-04-14 11:09:51] local.DEBUG: [{"id":1,"replied_user_id":"2","replied_username":"HAY HTAY THWE","reply":"I like it too","created_at":"2024-04-14T08:36:47.000000Z","updated_at":"2024-04-14T08:36:47.000000Z"},{"id":2,"replied_user_id":"2","replied_username":"HAY HTAY THWE","reply":"I like it too","created_at":"2024-04-14T08:37:38.000000Z","updated_at":"2024-04-14T08:37:38.000000Z"},{"id":3,"replied_user_id":"2","replied_username":"HAY HTAY THWE","reply":"good","created_at":"2024-04-14T08:59:26.000000Z","updated_at":"2024-04-14T08:59:26.000000Z"},{"id":4,"replied_user_id":"2","replied_username":"HAY HTAY THWE","reply":"ghy","created_at":"2024-04-14T09:03:00.000000Z","updated_at":"2024-04-14T09:03:00.000000Z"},{"id":5,"replied_user_id":"2","replied_username":"HAY HTAY THWE","reply":"good_comment","created_at":"2024-04-14T09:12:17.000000Z","updated_at":"2024-04-14T09:12:17.000000Z"},{"id":6,"replied_user_id":"2","replied_username":"HAY HTAY THWE","reply":"dd","created_at":"2024-04-14T09:13:18.000000Z","updated_at":"2024-04-14T09:13:18.000000Z"},{"id":7,"replied_user_id":"2","replied_username":"HAY HTAY THWE","reply":"gfgfgf","created_at":"2024-04-14T09:27:06.000000Z","updated_at":"2024-04-14T09:27:06.000000Z"},{"id":8,"replied_user_id":"2","replied_username":"HAY HTAY THWE","reply":"I like that","created_at":"2024-04-14T09:29:51.000000Z","updated_at":"2024-04-14T09:29:51.000000Z"},{"id":9,"replied_user_id":"2","replied_username":"HAY HTAY THWE","reply":"I li that","created_at":"2024-04-14T10:08:03.000000Z","updated_at":"2024-04-14T10:08:03.000000Z"},{"id":10,"replied_user_id":"2","replied_username":"HAY HTAY THWE","reply":"me too","created_at":"2024-04-14T10:08:31.000000Z","updated_at":"2024-04-14T10:08:31.000000Z"},{"id":11,"replied_user_id":"2","replied_username":"HAY HTAY THWE","reply":"right","created_at":"2024-04-14T10:09:51.000000Z","updated_at":"2024-04-14T10:09:51.000000Z"},{"id":12,"replied_user_id":"2","replied_username":"HAY HTAY THWE","reply":"good","created_at":"2024-04-14T10:10:08.000000Z","updated_at":"2024-04-14T10:10:08.000000Z"},{"id":13,"replied_user_id":"2","replied_username":"HAY HTAY THWE","reply":"like","created_at":"2024-04-14T10:10:23.000000Z","updated_at":"2024-04-14T10:10:23.000000Z"},{"id":14,"replied_user_id":"2","replied_username":"HAY HTAY THWE","reply":"like too","created_at":"2024-04-14T10:10:36.000000Z","updated_at":"2024-04-14T10:10:36.000000Z"},{"id":15,"replied_user_id":"2","replied_username":"HAY HTAY THWE","reply":"hgjkkll;;","created_at":"2024-04-14T10:12:13.000000Z","updated_at":"2024-04-14T10:12:13.000000Z"},{"id":16,"replied_user_id":"2","replied_username":"HAY HTAY THWE","reply":"\u102f\u102f\u102f\u102f","created_at":"2024-04-14T10:15:26.000000Z","updated_at":"2024-04-14T10:15:26.000000Z"},{"id":17,"replied_user_id":"2","replied_username":"HAY HTAY THWE","reply":"jjjj","created_at":"2024-04-14T10:34:18.000000Z","updated_at":"2024-04-14T10:34:18.000000Z"},{"id":18,"replied_user_id":"2","replied_username":"HAY HTAY THWE","reply":"gg","created_at":"2024-04-14T10:42:50.000000Z","updated_at":"2024-04-14T10:42:50.000000Z"},{"id":19,"replied_user_id":"2","replied_username":"HAY HTAY THWE","reply":"kkk","created_at":"2024-04-14T10:45:06.000000Z","updated_at":"2024-04-14T10:45:06.000000Z"},{"id":20,"replied_user_id":"2","replied_username":"HAY HTAY THWE","reply":"hhh","created_at":"2024-04-14T10:50:17.000000Z","updated_at":"2024-04-14T10:50:17.000000Z"},{"id":21,"replied_user_id":"2","replied_username":"HAY HTAY THWE","reply":"hhh","created_at":"2024-04-14T10:50:40.000000Z","updated_at":"2024-04-14T10:50:40.000000Z"}]  
[2024-04-14 11:10:34] local.DEBUG: [{"id":1,"replied_user_id":"2","replied_username":"HAY HTAY THWE","reply":"I like it too","created_at":"2024-04-14T08:36:47.000000Z","updated_at":"2024-04-14T08:36:47.000000Z"},{"id":2,"replied_user_id":"2","replied_username":"HAY HTAY THWE","reply":"I like it too","created_at":"2024-04-14T08:37:38.000000Z","updated_at":"2024-04-14T08:37:38.000000Z"},{"id":3,"replied_user_id":"2","replied_username":"HAY HTAY THWE","reply":"good","created_at":"2024-04-14T08:59:26.000000Z","updated_at":"2024-04-14T08:59:26.000000Z"},{"id":4,"replied_user_id":"2","replied_username":"HAY HTAY THWE","reply":"ghy","created_at":"2024-04-14T09:03:00.000000Z","updated_at":"2024-04-14T09:03:00.000000Z"},{"id":5,"replied_user_id":"2","replied_username":"HAY HTAY THWE","reply":"good_comment","created_at":"2024-04-14T09:12:17.000000Z","updated_at":"2024-04-14T09:12:17.000000Z"},{"id":6,"replied_user_id":"2","replied_username":"HAY HTAY THWE","reply":"dd","created_at":"2024-04-14T09:13:18.000000Z","updated_at":"2024-04-14T09:13:18.000000Z"},{"id":7,"replied_user_id":"2","replied_username":"HAY HTAY THWE","reply":"gfgfgf","created_at":"2024-04-14T09:27:06.000000Z","updated_at":"2024-04-14T09:27:06.000000Z"},{"id":8,"replied_user_id":"2","replied_username":"HAY HTAY THWE","reply":"I like that","created_at":"2024-04-14T09:29:51.000000Z","updated_at":"2024-04-14T09:29:51.000000Z"},{"id":9,"replied_user_id":"2","replied_username":"HAY HTAY THWE","reply":"I li that","created_at":"2024-04-14T10:08:03.000000Z","updated_at":"2024-04-14T10:08:03.000000Z"},{"id":10,"replied_user_id":"2","replied_username":"HAY HTAY THWE","reply":"me too","created_at":"2024-04-14T10:08:31.000000Z","updated_at":"2024-04-14T10:08:31.000000Z"},{"id":11,"replied_user_id":"2","replied_username":"HAY HTAY THWE","reply":"right","created_at":"2024-04-14T10:09:51.000000Z","updated_at":"2024-04-14T10:09:51.000000Z"},{"id":12,"replied_user_id":"2","replied_username":"HAY HTAY THWE","reply":"good","created_at":"2024-04-14T10:10:08.000000Z","updated_at":"2024-04-14T10:10:08.000000Z"},{"id":13,"replied_user_id":"2","replied_username":"HAY HTAY THWE","reply":"like","created_at":"2024-04-14T10:10:23.000000Z","updated_at":"2024-04-14T10:10:23.000000Z"},{"id":14,"replied_user_id":"2","replied_username":"HAY HTAY THWE","reply":"like too","created_at":"2024-04-14T10:10:36.000000Z","updated_at":"2024-04-14T10:10:36.000000Z"},{"id":15,"replied_user_id":"2","replied_username":"HAY HTAY THWE","reply":"hgjkkll;;","created_at":"2024-04-14T10:12:13.000000Z","updated_at":"2024-04-14T10:12:13.000000Z"},{"id":16,"replied_user_id":"2","replied_username":"HAY HTAY THWE","reply":"\u102f\u102f\u102f\u102f","created_at":"2024-04-14T10:15:26.000000Z","updated_at":"2024-04-14T10:15:26.000000Z"},{"id":17,"replied_user_id":"2","replied_username":"HAY HTAY THWE","reply":"jjjj","created_at":"2024-04-14T10:34:18.000000Z","updated_at":"2024-04-14T10:34:18.000000Z"},{"id":18,"replied_user_id":"2","replied_username":"HAY HTAY THWE","reply":"gg","created_at":"2024-04-14T10:42:50.000000Z","updated_at":"2024-04-14T10:42:50.000000Z"},{"id":19,"replied_user_id":"2","replied_username":"HAY HTAY THWE","reply":"kkk","created_at":"2024-04-14T10:45:06.000000Z","updated_at":"2024-04-14T10:45:06.000000Z"},{"id":20,"replied_user_id":"2","replied_username":"HAY HTAY THWE","reply":"hhh","created_at":"2024-04-14T10:50:17.000000Z","updated_at":"2024-04-14T10:50:17.000000Z"},{"id":21,"replied_user_id":"2","replied_username":"HAY HTAY THWE","reply":"hhh","created_at":"2024-04-14T10:50:40.000000Z","updated_at":"2024-04-14T10:50:40.000000Z"}]  
[2024-04-14 11:10:35] local.DEBUG: [{"id":1,"replied_user_id":"2","replied_username":"HAY HTAY THWE","reply":"I like it too","created_at":"2024-04-14T08:36:47.000000Z","updated_at":"2024-04-14T08:36:47.000000Z"},{"id":2,"replied_user_id":"2","replied_username":"HAY HTAY THWE","reply":"I like it too","created_at":"2024-04-14T08:37:38.000000Z","updated_at":"2024-04-14T08:37:38.000000Z"},{"id":3,"replied_user_id":"2","replied_username":"HAY HTAY THWE","reply":"good","created_at":"2024-04-14T08:59:26.000000Z","updated_at":"2024-04-14T08:59:26.000000Z"},{"id":4,"replied_user_id":"2","replied_username":"HAY HTAY THWE","reply":"ghy","created_at":"2024-04-14T09:03:00.000000Z","updated_at":"2024-04-14T09:03:00.000000Z"},{"id":5,"replied_user_id":"2","replied_username":"HAY HTAY THWE","reply":"good_comment","created_at":"2024-04-14T09:12:17.000000Z","updated_at":"2024-04-14T09:12:17.000000Z"},{"id":6,"replied_user_id":"2","replied_username":"HAY HTAY THWE","reply":"dd","created_at":"2024-04-14T09:13:18.000000Z","updated_at":"2024-04-14T09:13:18.000000Z"},{"id":7,"replied_user_id":"2","replied_username":"HAY HTAY THWE","reply":"gfgfgf","created_at":"2024-04-14T09:27:06.000000Z","updated_at":"2024-04-14T09:27:06.000000Z"},{"id":8,"replied_user_id":"2","replied_username":"HAY HTAY THWE","reply":"I like that","created_at":"2024-04-14T09:29:51.000000Z","updated_at":"2024-04-14T09:29:51.000000Z"},{"id":9,"replied_user_id":"2","replied_username":"HAY HTAY THWE","reply":"I li that","created_at":"2024-04-14T10:08:03.000000Z","updated_at":"2024-04-14T10:08:03.000000Z"},{"id":10,"replied_user_id":"2","replied_username":"HAY HTAY THWE","reply":"me too","created_at":"2024-04-14T10:08:31.000000Z","updated_at":"2024-04-14T10:08:31.000000Z"},{"id":11,"replied_user_id":"2","replied_username":"HAY HTAY THWE","reply":"right","created_at":"2024-04-14T10:09:51.000000Z","updated_at":"2024-04-14T10:09:51.000000Z"},{"id":12,"replied_user_id":"2","replied_username":"HAY HTAY THWE","reply":"good","created_at":"2024-04-14T10:10:08.000000Z","updated_at":"2024-04-14T10:10:08.000000Z"},{"id":13,"replied_user_id":"2","replied_username":"HAY HTAY THWE","reply":"like","created_at":"2024-04-14T10:10:23.000000Z","updated_at":"2024-04-14T10:10:23.000000Z"},{"id":14,"replied_user_id":"2","replied_username":"HAY HTAY THWE","reply":"like too","created_at":"2024-04-14T10:10:36.000000Z","updated_at":"2024-04-14T10:10:36.000000Z"},{"id":15,"replied_user_id":"2","replied_username":"HAY HTAY THWE","reply":"hgjkkll;;","created_at":"2024-04-14T10:12:13.000000Z","updated_at":"2024-04-14T10:12:13.000000Z"},{"id":16,"replied_user_id":"2","replied_username":"HAY HTAY THWE","reply":"\u102f\u102f\u102f\u102f","created_at":"2024-04-14T10:15:26.000000Z","updated_at":"2024-04-14T10:15:26.000000Z"},{"id":17,"replied_user_id":"2","replied_username":"HAY HTAY THWE","reply":"jjjj","created_at":"2024-04-14T10:34:18.000000Z","updated_at":"2024-04-14T10:34:18.000000Z"},{"id":18,"replied_user_id":"2","replied_username":"HAY HTAY THWE","reply":"gg","created_at":"2024-04-14T10:42:50.000000Z","updated_at":"2024-04-14T10:42:50.000000Z"},{"id":19,"replied_user_id":"2","replied_username":"HAY HTAY THWE","reply":"kkk","created_at":"2024-04-14T10:45:06.000000Z","updated_at":"2024-04-14T10:45:06.000000Z"},{"id":20,"replied_user_id":"2","replied_username":"HAY HTAY THWE","reply":"hhh","created_at":"2024-04-14T10:50:17.000000Z","updated_at":"2024-04-14T10:50:17.000000Z"},{"id":21,"replied_user_id":"2","replied_username":"HAY HTAY THWE","reply":"hhh","created_at":"2024-04-14T10:50:40.000000Z","updated_at":"2024-04-14T10:50:40.000000Z"}]  
[2024-04-14 11:11:20] local.DEBUG: [{"id":1,"replied_user_id":"2","replied_username":"HAY HTAY THWE","reply":"I like it too","created_at":"2024-04-14T08:36:47.000000Z","updated_at":"2024-04-14T08:36:47.000000Z"},{"id":2,"replied_user_id":"2","replied_username":"HAY HTAY THWE","reply":"I like it too","created_at":"2024-04-14T08:37:38.000000Z","updated_at":"2024-04-14T08:37:38.000000Z"},{"id":3,"replied_user_id":"2","replied_username":"HAY HTAY THWE","reply":"good","created_at":"2024-04-14T08:59:26.000000Z","updated_at":"2024-04-14T08:59:26.000000Z"},{"id":4,"replied_user_id":"2","replied_username":"HAY HTAY THWE","reply":"ghy","created_at":"2024-04-14T09:03:00.000000Z","updated_at":"2024-04-14T09:03:00.000000Z"},{"id":5,"replied_user_id":"2","replied_username":"HAY HTAY THWE","reply":"good_comment","created_at":"2024-04-14T09:12:17.000000Z","updated_at":"2024-04-14T09:12:17.000000Z"},{"id":6,"replied_user_id":"2","replied_username":"HAY HTAY THWE","reply":"dd","created_at":"2024-04-14T09:13:18.000000Z","updated_at":"2024-04-14T09:13:18.000000Z"},{"id":7,"replied_user_id":"2","replied_username":"HAY HTAY THWE","reply":"gfgfgf","created_at":"2024-04-14T09:27:06.000000Z","updated_at":"2024-04-14T09:27:06.000000Z"},{"id":8,"replied_user_id":"2","replied_username":"HAY HTAY THWE","reply":"I like that","created_at":"2024-04-14T09:29:51.000000Z","updated_at":"2024-04-14T09:29:51.000000Z"},{"id":9,"replied_user_id":"2","replied_username":"HAY HTAY THWE","reply":"I li that","created_at":"2024-04-14T10:08:03.000000Z","updated_at":"2024-04-14T10:08:03.000000Z"},{"id":10,"replied_user_id":"2","replied_username":"HAY HTAY THWE","reply":"me too","created_at":"2024-04-14T10:08:31.000000Z","updated_at":"2024-04-14T10:08:31.000000Z"},{"id":11,"replied_user_id":"2","replied_username":"HAY HTAY THWE","reply":"right","created_at":"2024-04-14T10:09:51.000000Z","updated_at":"2024-04-14T10:09:51.000000Z"},{"id":12,"replied_user_id":"2","replied_username":"HAY HTAY THWE","reply":"good","created_at":"2024-04-14T10:10:08.000000Z","updated_at":"2024-04-14T10:10:08.000000Z"},{"id":13,"replied_user_id":"2","replied_username":"HAY HTAY THWE","reply":"like","created_at":"2024-04-14T10:10:23.000000Z","updated_at":"2024-04-14T10:10:23.000000Z"},{"id":14,"replied_user_id":"2","replied_username":"HAY HTAY THWE","reply":"like too","created_at":"2024-04-14T10:10:36.000000Z","updated_at":"2024-04-14T10:10:36.000000Z"},{"id":15,"replied_user_id":"2","replied_username":"HAY HTAY THWE","reply":"hgjkkll;;","created_at":"2024-04-14T10:12:13.000000Z","updated_at":"2024-04-14T10:12:13.000000Z"},{"id":16,"replied_user_id":"2","replied_username":"HAY HTAY THWE","reply":"\u102f\u102f\u102f\u102f","created_at":"2024-04-14T10:15:26.000000Z","updated_at":"2024-04-14T10:15:26.000000Z"},{"id":17,"replied_user_id":"2","replied_username":"HAY HTAY THWE","reply":"jjjj","created_at":"2024-04-14T10:34:18.000000Z","updated_at":"2024-04-14T10:34:18.000000Z"},{"id":18,"replied_user_id":"2","replied_username":"HAY HTAY THWE","reply":"gg","created_at":"2024-04-14T10:42:50.000000Z","updated_at":"2024-04-14T10:42:50.000000Z"},{"id":19,"replied_user_id":"2","replied_username":"HAY HTAY THWE","reply":"kkk","created_at":"2024-04-14T10:45:06.000000Z","updated_at":"2024-04-14T10:45:06.000000Z"},{"id":20,"replied_user_id":"2","replied_username":"HAY HTAY THWE","reply":"hhh","created_at":"2024-04-14T10:50:17.000000Z","updated_at":"2024-04-14T10:50:17.000000Z"},{"id":21,"replied_user_id":"2","replied_username":"HAY HTAY THWE","reply":"hhh","created_at":"2024-04-14T10:50:40.000000Z","updated_at":"2024-04-14T10:50:40.000000Z"}]  
[2024-04-14 11:11:26] local.DEBUG: [{"id":1,"replied_user_id":"2","replied_username":"HAY HTAY THWE","reply":"I like it too","created_at":"2024-04-14T08:36:47.000000Z","updated_at":"2024-04-14T08:36:47.000000Z"},{"id":2,"replied_user_id":"2","replied_username":"HAY HTAY THWE","reply":"I like it too","created_at":"2024-04-14T08:37:38.000000Z","updated_at":"2024-04-14T08:37:38.000000Z"},{"id":3,"replied_user_id":"2","replied_username":"HAY HTAY THWE","reply":"good","created_at":"2024-04-14T08:59:26.000000Z","updated_at":"2024-04-14T08:59:26.000000Z"},{"id":4,"replied_user_id":"2","replied_username":"HAY HTAY THWE","reply":"ghy","created_at":"2024-04-14T09:03:00.000000Z","updated_at":"2024-04-14T09:03:00.000000Z"},{"id":5,"replied_user_id":"2","replied_username":"HAY HTAY THWE","reply":"good_comment","created_at":"2024-04-14T09:12:17.000000Z","updated_at":"2024-04-14T09:12:17.000000Z"},{"id":6,"replied_user_id":"2","replied_username":"HAY HTAY THWE","reply":"dd","created_at":"2024-04-14T09:13:18.000000Z","updated_at":"2024-04-14T09:13:18.000000Z"},{"id":7,"replied_user_id":"2","replied_username":"HAY HTAY THWE","reply":"gfgfgf","created_at":"2024-04-14T09:27:06.000000Z","updated_at":"2024-04-14T09:27:06.000000Z"},{"id":8,"replied_user_id":"2","replied_username":"HAY HTAY THWE","reply":"I like that","created_at":"2024-04-14T09:29:51.000000Z","updated_at":"2024-04-14T09:29:51.000000Z"},{"id":9,"replied_user_id":"2","replied_username":"HAY HTAY THWE","reply":"I li that","created_at":"2024-04-14T10:08:03.000000Z","updated_at":"2024-04-14T10:08:03.000000Z"},{"id":10,"replied_user_id":"2","replied_username":"HAY HTAY THWE","reply":"me too","created_at":"2024-04-14T10:08:31.000000Z","updated_at":"2024-04-14T10:08:31.000000Z"},{"id":11,"replied_user_id":"2","replied_username":"HAY HTAY THWE","reply":"right","created_at":"2024-04-14T10:09:51.000000Z","updated_at":"2024-04-14T10:09:51.000000Z"},{"id":12,"replied_user_id":"2","replied_username":"HAY HTAY THWE","reply":"good","created_at":"2024-04-14T10:10:08.000000Z","updated_at":"2024-04-14T10:10:08.000000Z"},{"id":13,"replied_user_id":"2","replied_username":"HAY HTAY THWE","reply":"like","created_at":"2024-04-14T10:10:23.000000Z","updated_at":"2024-04-14T10:10:23.000000Z"},{"id":14,"replied_user_id":"2","replied_username":"HAY HTAY THWE","reply":"like too","created_at":"2024-04-14T10:10:36.000000Z","updated_at":"2024-04-14T10:10:36.000000Z"},{"id":15,"replied_user_id":"2","replied_username":"HAY HTAY THWE","reply":"hgjkkll;;","created_at":"2024-04-14T10:12:13.000000Z","updated_at":"2024-04-14T10:12:13.000000Z"},{"id":16,"replied_user_id":"2","replied_username":"HAY HTAY THWE","reply":"\u102f\u102f\u102f\u102f","created_at":"2024-04-14T10:15:26.000000Z","updated_at":"2024-04-14T10:15:26.000000Z"},{"id":17,"replied_user_id":"2","replied_username":"HAY HTAY THWE","reply":"jjjj","created_at":"2024-04-14T10:34:18.000000Z","updated_at":"2024-04-14T10:34:18.000000Z"},{"id":18,"replied_user_id":"2","replied_username":"HAY HTAY THWE","reply":"gg","created_at":"2024-04-14T10:42:50.000000Z","updated_at":"2024-04-14T10:42:50.000000Z"},{"id":19,"replied_user_id":"2","replied_username":"HAY HTAY THWE","reply":"kkk","created_at":"2024-04-14T10:45:06.000000Z","updated_at":"2024-04-14T10:45:06.000000Z"},{"id":20,"replied_user_id":"2","replied_username":"HAY HTAY THWE","reply":"hhh","created_at":"2024-04-14T10:50:17.000000Z","updated_at":"2024-04-14T10:50:17.000000Z"},{"id":21,"replied_user_id":"2","replied_username":"HAY HTAY THWE","reply":"hhh","created_at":"2024-04-14T10:50:40.000000Z","updated_at":"2024-04-14T10:50:40.000000Z"},{"id":22,"replied_user_id":"2","replied_username":"HAY HTAY THWE","reply":"hhhhhhhhhhhhhh","created_at":"2024-04-14T11:11:26.000000Z","updated_at":"2024-04-14T11:11:26.000000Z"}]  
[2024-04-14 11:46:52] local.DEBUG: []  
[2024-04-15 04:33:38] local.DEBUG: []  
[2024-04-15 04:33:41] local.DEBUG: array (
  'book_id' => 1,
  'user_id' => 2,
  'order_id' => 'itjm64Sp',
)  
[2024-04-15 04:34:28] local.DEBUG: []  
[2024-04-15 04:38:33] local.DEBUG: []  
[2024-04-15 04:38:35] local.DEBUG: array (
  'book_id' => 2,
  'user_id' => 2,
  'order_id' => 'Mu4JRo6W',
)  
[2024-04-15 04:39:38] local.DEBUG: []  
[2024-04-15 04:49:27] local.DEBUG: []  
[2024-04-15 05:48:51] local.DEBUG: []  
[2024-04-15 05:54:15] local.DEBUG: []  
[2024-04-15 05:59:57] local.DEBUG: array (
  'name' => 'HAY HTAY THWE',
  'email' => 'zinlinmyat@gmail.com',
  'image' => '1713160797_book_one.png',
)  
[2024-04-15 06:04:42] local.DEBUG: []  
[2024-04-15 06:05:34] local.DEBUG: []  
[2024-04-15 06:05:37] local.DEBUG: array (
  'book_id' => 2,
  'user_id' => 2,
  'order_id' => '38hpe0LU',
)  
[2024-04-15 06:06:01] local.DEBUG: []  
[2024-04-15 06:06:05] local.DEBUG: []  
[2024-04-15 06:06:09] local.DEBUG: []  
[2024-04-15 06:17:21] local.DEBUG: []  
[2024-04-15 06:17:23] local.DEBUG: array (
  'book_id' => 2,
  'user_id' => 3,
  'order_id' => 'ObMLKOeO',
)  
[2024-04-15 06:17:24] local.DEBUG: array (
  'book_id' => 2,
  'user_id' => 3,
  'order_id' => 'REHPsyXQ',
)  
[2024-04-15 06:17:49] local.DEBUG: []  
[2024-04-15 06:17:52] local.DEBUG: array (
  'book_id' => 1,
  'user_id' => 2,
  'order_id' => 'CgL1oE0n',
)  
[2024-04-15 06:17:52] local.DEBUG: array (
  'book_id' => 1,
  'user_id' => 2,
  'order_id' => 'vJbv9Qkl',
)  
[2024-04-15 06:18:55] local.DEBUG: []  
[2024-04-15 06:19:53] local.DEBUG: []  
[2024-04-15 06:20:51] local.DEBUG: []  
[2024-04-15 06:21:20] local.DEBUG: [{"id":23,"replied_user_id":"2","replied_username":"HAY HTAY THWE","reply":"good","created_at":"2024-04-15T06:21:20.000000Z","updated_at":"2024-04-15T06:21:20.000000Z"}]  
[2024-04-15 06:21:53] local.DEBUG: [{"id":23,"replied_user_id":"2","replied_username":"HAY HTAY THWE","reply":"good","created_at":"2024-04-15T06:21:20.000000Z","updated_at":"2024-04-15T06:21:20.000000Z"}]  
[2024-04-15 06:23:26] local.DEBUG: [{"id":23,"replied_user_id":"2","replied_username":"HAY HTAY THWE","reply":"good","created_at":"2024-04-15T06:21:20.000000Z","updated_at":"2024-04-15T06:21:20.000000Z"}]  
[2024-04-15 06:23:50] local.DEBUG: array (
  'name' => 'aungmyo',
  'email' => 'aungmyo@gmail.com',
  'image' => '1713162230_offer.jpeg',
)  
[2024-04-15 06:26:30] local.DEBUG: [{"id":23,"replied_user_id":"2","replied_username":"HAY HTAY THWE","reply":"good","created_at":"2024-04-15T06:21:20.000000Z","updated_at":"2024-04-15T06:21:20.000000Z"}]  
